g:\precomputation\precomputationcode\curve\x64\release\vc140.pdb
g:\precomputation\precomputationcode\curve\x64\release\zzn.obj
g:\precomputation\precomputationcode\curve\x64\release\precomputation.obj
g:\precomputation\precomputationcode\curve\x64\release\poly.obj
g:\precomputation\precomputationcode\curve\x64\release\main.obj
g:\precomputation\precomputationcode\curve\x64\release\flpoly.obj
g:\precomputation\precomputationcode\curve\x64\release\floating.obj
g:\precomputation\precomputationcode\curve\x64\release\ecn.obj
g:\precomputation\precomputationcode\curve\x64\release\ecc.obj
g:\precomputation\precomputationcode\curve\x64\release\ec2.obj
g:\precomputation\precomputationcode\curve\x64\release\complex.obj
g:\precomputation\precomputationcode\curve\x64\release\big.obj
g:\precomputation\precomputationcode\x64\release\curve.exe
g:\precomputation\precomputationcode\x64\release\curve.ipdb
g:\precomputation\precomputationcode\x64\release\curve.iobj
g:\precomputation\precomputationcode\x64\release\curve.pdb
g:\precomputation\precomputationcode\curve\x64\release\curve.tlog\cl.command.1.tlog
g:\precomputation\precomputationcode\curve\x64\release\curve.tlog\cl.read.1.tlog
g:\precomputation\precomputationcode\curve\x64\release\curve.tlog\cl.write.1.tlog
g:\precomputation\precomputationcode\curve\x64\release\curve.tlog\link.command.1.tlog
g:\precomputation\precomputationcode\curve\x64\release\curve.tlog\link.read.1.tlog
g:\precomputation\precomputationcode\curve\x64\release\curve.tlog\link.write.1.tlog
